[2016-05-03 23:29:53.011] [DEBUG] normal - 

[2016-05-03 23:31:04.963] [DEBUG] normal - [ { model: 'Intel(R) Core(TM) i5-2415M CPU @ 2.30GHz',
    speed: 2300,
    times: { user: 55466920, nice: 0, sys: 37074030, idle: 554496550, irq: 0 } },
  { model: 'Intel(R) Core(TM) i5-2415M CPU @ 2.30GHz',
    speed: 2300,
    times: { user: 15946040, nice: 0, sys: 8639220, idle: 622359330, irq: 0 } },
  { model: 'Intel(R) Core(TM) i5-2415M CPU @ 2.30GHz',
    speed: 2300,
    times: { user: 46025670, nice: 0, sys: 23146050, idle: 577773140, irq: 0 } },
  { model: 'Intel(R) Core(TM) i5-2415M CPU @ 2.30GHz',
    speed: 2300,
    times: { user: 15716230, nice: 0, sys: 8434600, idle: 622793480, irq: 0 } } ]
[2016-05-03 23:31:04.993] [DEBUG] normal - x64
[2016-05-03 23:32:29.212] [DEBUG] normal - LE
[2016-05-03 23:34:59.906] [DEBUG] normal - LE
[2016-05-03 23:34:59.914] [DEBUG] normal - 1884262400
[2016-05-03 23:35:10.686] [DEBUG] normal - LE
[2016-05-03 23:35:10.693] [DEBUG] normal - 1840060
[2016-05-03 23:35:16.681] [DEBUG] normal - LE
[2016-05-03 23:35:16.691] [DEBUG] normal - 1797.5
[2016-05-03 23:35:24.111] [DEBUG] normal - LE
[2016-05-03 23:35:24.118] [DEBUG] normal - 1.7548828125
[2016-05-03 23:36:11.209] [DEBUG] normal - LE
[2016-05-03 23:36:11.220] [DEBUG] normal - 1.6037750244140625
[2016-05-03 23:36:21.910] [DEBUG] normal - LE
[2016-05-03 23:36:21.919] [DEBUG] normal - 1.6011962890625
[2016-05-03 23:36:23.741] [DEBUG] normal - LE
[2016-05-03 23:36:23.751] [DEBUG] normal - 1.599151611328125
[2016-05-03 23:36:25.686] [DEBUG] normal - LE
[2016-05-03 23:36:25.693] [DEBUG] normal - 1.5989608764648438
[2016-05-03 23:38:17.502] [DEBUG] normal - /Users/cc
[2016-05-03 23:39:08.554] [DEBUG] normal - cc-mac.local
[2016-05-03 23:39:45.744] [DEBUG] normal - [ 1.76123046875, 1.72265625, 1.79150390625 ]
[2016-05-03 23:41:06.406] [DEBUG] normal - [ 2.55078125, 1.94091796875, 1.8642578125 ]
[2016-05-03 23:41:08.556] [DEBUG] normal - [ 2.55078125, 1.94091796875, 1.8642578125 ]
[2016-05-03 23:41:10.232] [DEBUG] normal - [ 2.42626953125, 1.92529296875, 1.85888671875 ]
[2016-05-03 23:42:33.202] [DEBUG] normal - [ 2.08251953125, 1.9130859375, 1.85498046875 ]
[2016-05-03 23:42:35.393] [DEBUG] normal - [ 2.07568359375, 1.9140625, 1.85546875 ]
[2016-05-03 23:42:51.667] [DEBUG] normal - [ 2.19384765625, 1.94921875, 1.86865234375 ]
[2016-05-03 23:44:41.492] [DEBUG] normal - { lo0: 
   [ { address: '::1',
       netmask: 'ffff:ffff:ffff:ffff:ffff:ffff:ffff:ffff',
       family: 'IPv6',
       mac: '00:00:00:00:00:00',
       scopeid: 0,
       internal: true },
     { address: '127.0.0.1',
       netmask: '255.0.0.0',
       family: 'IPv4',
       mac: '00:00:00:00:00:00',
       internal: true },
     { address: 'fe80::1',
       netmask: 'ffff:ffff:ffff:ffff::',
       family: 'IPv6',
       mac: '00:00:00:00:00:00',
       scopeid: 1,
       internal: true } ],
  en1: 
   [ { address: 'fe80::e2f8:47ff:fe1d:9aa0',
       netmask: 'ffff:ffff:ffff:ffff::',
       family: 'IPv6',
       mac: 'e0:f8:47:1d:9a:a0',
       scopeid: 5,
       internal: false },
     { address: '192.168.31.102',
       netmask: '255.255.255.0',
       family: 'IPv4',
       mac: 'e0:f8:47:1d:9a:a0',
       internal: false } ] }
[2016-05-03 23:46:57.502] [DEBUG] normal - darwin
[2016-05-03 23:46:57.509] [DEBUG] normal - /var/folders/nf/sn9040fd6tz51h3_3y2xfvrc0000gn/T
[2016-05-03 23:46:57.510] [DEBUG] normal - 8589934592
[2016-05-03 23:46:57.512] [DEBUG] normal - Darwin
[2016-05-03 23:46:57.512] [DEBUG] normal - 2942739
[2016-05-03 23:48:42.386] [DEBUG] normal - 8589934592
[2016-05-03 23:48:42.394] [DEBUG] normal - Darwin
[2016-05-03 23:48:42.395] [DEBUG] normal - 2942844
[2016-05-03 23:49:58.139] [DEBUG] normal - Darwin
[2016-05-03 23:49:58.146] [DEBUG] normal - 2942920
[2016-05-03 23:49:59.797] [DEBUG] normal - Darwin
[2016-05-03 23:49:59.808] [DEBUG] normal - 2942921
[2016-05-03 23:50:00.924] [DEBUG] normal - Darwin
[2016-05-03 23:50:00.932] [DEBUG] normal - 2942922
[2016-05-03 23:50:02.017] [DEBUG] normal - Darwin
[2016-05-03 23:50:02.024] [DEBUG] normal - 2942924
[2016-05-03 23:51:20.871] [DEBUG] normal - 817.5005555555556
[2016-05-03 23:51:25.849] [DEBUG] normal - 34.06258101851852
[2016-05-03 23:53:57.748] [DEBUG] normal - { total_heap_size: 10504544,
  total_heap_size_executable: 5242880,
  total_physical_size: 10504544,
  total_available_size: 1490260680,
  used_heap_size: 6342976,
  heap_size_limit: 1535115264 }
[2016-05-03 23:54:09.812] [DEBUG] normal - 

[2016-05-03 23:54:09.820] [DEBUG] normal - { total_heap_size: 10504544,
  total_heap_size_executable: 5242880,
  total_physical_size: 10504544,
  total_available_size: 1490240608,
  used_heap_size: 6843552,
  heap_size_limit: 1535115264 }
[2016-05-03 23:54:23.275] [DEBUG] normal - 
 { total_heap_size: 10504544,
  total_heap_size_executable: 5242880,
  total_physical_size: 10504544,
  total_available_size: 1490260992,
  used_heap_size: 6339304,
  heap_size_limit: 1535115264 }
[2016-05-03 23:56:25.601] [DEBUG] normal - 
 { total_heap_size: 10504544,
  total_heap_size_executable: 5242880,
  total_physical_size: 10504544,
  total_available_size: 1490258904,
  used_heap_size: 6368272,
  heap_size_limit: 1535115264 }
[2016-05-03 23:57:14.458] [DEBUG] normal - 
 { total_heap_size: 10504544,
  total_heap_size_executable: 5242880,
  total_physical_size: 10504544,
  total_available_size: 1490261440,
  used_heap_size: 6339496,
  heap_size_limit: 1535115264 }
